<?xml version="1.0" encoding="UTF-8"?>
<robot generator="Robot 4.1.3 (Python 3.10.2 on win32)" generated="20220318 13:31:54.683" rpa="false" schemaversion="2">
<suite id="s1" name="Testcases" source="C:\Users\user\Mobile testing\stocks\testcases.robot">
<test id="s1-t1" name="Open Application On Android">
<kw name="Open Application" library="AppiumLibrary">
<arg>http://localhost:4723/wd/hub</arg>
<arg>platformName=Android</arg>
<arg>deviceName=SM A305F</arg>
<arg>appPackage=com.gooogle.android.kuvera.app</arg>
<arg>appActivity=com.gooogle.android.kuvera.app.MainActivity</arg>
<doc>Opens a new application to given Appium server.
Capabilities of appium server, Android and iOS,
Please check https://github.com/appium/appium/blob/master/docs/en/writing-running-appium/server-args.md
| *Option*            | *Man.* | *Description*     |
| remote_url          | Yes    | Appium server url |
| alias               | no     | alias             |</doc>
<status status="PASS" starttime="20220318 13:31:55.004" endtime="20220318 13:32:12.437"/>
</kw>
<kw name="Sleep" library="BuiltIn">
<arg>10s</arg>
<doc>Pauses the test executed for the given time.</doc>
<msg timestamp="20220318 13:32:22.443" level="INFO">Slept 10 seconds</msg>
<status status="PASS" starttime="20220318 13:32:12.439" endtime="20220318 13:32:22.443"/>
</kw>
<kw name="tap_on_screen" library="keywords">
<kw name="Tap" library="AppiumLibrary">
<arg>${None}</arg>
<arg>534</arg>
<arg>2011</arg>
<arg>count=1</arg>
<doc>Tap element identified by ``locator``. </doc>
<status status="PASS" starttime="20220318 13:32:22.446" endtime="20220318 13:32:23.730"/>
</kw>
<status status="PASS" starttime="20220318 13:32:22.444" endtime="20220318 13:32:23.730"/>
</kw>
<kw name="Sleep" library="BuiltIn">
<arg>5s</arg>
<doc>Pauses the test executed for the given time.</doc>
<msg timestamp="20220318 13:32:28.737" level="INFO">Slept 5 seconds</msg>
<status status="PASS" starttime="20220318 13:32:23.731" endtime="20220318 13:32:28.737"/>
</kw>
<kw name="Input Text" library="AppiumLibrary">
<arg>${email}</arg>
<arg>${email value}</arg>
<doc>Types the given `text` into text field identified by `locator`.</doc>
<msg timestamp="20220318 13:32:28.746" level="INFO">Typing text 'indiakarnataka18@gmail.com' into text field '//*[contains(@resource-id, 'email')]'</msg>
<status status="PASS" starttime="20220318 13:32:28.739" endtime="20220318 13:32:29.211"/>
</kw>
<kw name="Sleep" library="BuiltIn">
<arg>5s</arg>
<doc>Pauses the test executed for the given time.</doc>
<msg timestamp="20220318 13:32:34.224" level="INFO">Slept 5 seconds</msg>
<status status="PASS" starttime="20220318 13:32:29.212" endtime="20220318 13:32:34.224"/>
</kw>
<kw name="Input Text" library="AppiumLibrary">
<arg>${password}</arg>
<arg>${password value}</arg>
<doc>Types the given `text` into text field identified by `locator`.</doc>
<msg timestamp="20220318 13:32:34.230" level="INFO">Typing text 'Tom2jerry!' into text field '//*[contains(@resource-id, 'password')]'</msg>
<status status="PASS" starttime="20220318 13:32:34.225" endtime="20220318 13:32:34.577"/>
</kw>
<kw name="Sleep" library="BuiltIn">
<arg>5s</arg>
<doc>Pauses the test executed for the given time.</doc>
<msg timestamp="20220318 13:32:39.592" level="INFO">Slept 5 seconds</msg>
<status status="PASS" starttime="20220318 13:32:34.578" endtime="20220318 13:32:39.592"/>
</kw>
<kw name="Click Element" library="AppiumLibrary">
<arg>${Login}</arg>
<doc>Click element identified by `locator`.</doc>
<msg timestamp="20220318 13:32:39.600" level="INFO">Clicking element '//*[contains(@text, 'LOGIN')]'.</msg>
<status status="PASS" starttime="20220318 13:32:39.593" endtime="20220318 13:32:39.910"/>
</kw>
<kw name="Sleep" library="BuiltIn">
<arg>5s</arg>
<doc>Pauses the test executed for the given time.</doc>
<msg timestamp="20220318 13:32:44.915" level="INFO">Slept 5 seconds</msg>
<status status="PASS" starttime="20220318 13:32:39.911" endtime="20220318 13:32:44.916"/>
</kw>
<kw name="Click Element" library="AppiumLibrary">
<arg>${Set up later}</arg>
<doc>Click element identified by `locator`.</doc>
<msg timestamp="20220318 13:32:44.927" level="INFO">Clicking element '//*[contains(@text,'Setup Later')]'.</msg>
<status status="PASS" starttime="20220318 13:32:44.917" endtime="20220318 13:32:45.093"/>
</kw>
<kw name="Sleep" library="BuiltIn">
<arg>5s</arg>
<doc>Pauses the test executed for the given time.</doc>
<msg timestamp="20220318 13:32:50.109" level="INFO">Slept 5 seconds</msg>
<status status="PASS" starttime="20220318 13:32:45.093" endtime="20220318 13:32:50.109"/>
</kw>
<kw name="Click Element" library="AppiumLibrary">
<arg>${Watchlist}</arg>
<doc>Click element identified by `locator`.</doc>
<msg timestamp="20220318 13:32:50.119" level="INFO">Clicking element '//*[contains(@text,'Watchlist')]'.</msg>
<status status="PASS" starttime="20220318 13:32:50.111" endtime="20220318 13:32:50.616"/>
</kw>
<kw name="Sleep" library="BuiltIn">
<arg>20s</arg>
<doc>Pauses the test executed for the given time.</doc>
<msg timestamp="20220318 13:33:10.619" level="INFO">Slept 20 seconds</msg>
<status status="PASS" starttime="20220318 13:32:50.617" endtime="20220318 13:33:10.619"/>
</kw>
<kw name="Click Element" library="AppiumLibrary">
<arg>${Stocks}</arg>
<doc>Click element identified by `locator`.</doc>
<msg timestamp="20220318 13:33:10.623" level="INFO">Clicking element '//android.widget.TextView[contains(@text,'Stocks')]'.</msg>
<status status="PASS" starttime="20220318 13:33:10.620" endtime="20220318 13:33:11.201"/>
</kw>
<kw name="Sleep" library="BuiltIn">
<arg>7s</arg>
<doc>Pauses the test executed for the given time.</doc>
<msg timestamp="20220318 13:33:18.218" level="INFO">Slept 7 seconds</msg>
<status status="PASS" starttime="20220318 13:33:11.201" endtime="20220318 13:33:18.218"/>
</kw>
<kw name="Click Element" library="AppiumLibrary">
<arg>${Add to watchlist}</arg>
<doc>Click element identified by `locator`.</doc>
<msg timestamp="20220318 13:33:18.226" level="INFO">Clicking element '//android.view.View[contains(@index,'8')]'.</msg>
<status status="PASS" starttime="20220318 13:33:18.219" endtime="20220318 13:33:18.676"/>
</kw>
<kw name="Sleep" library="BuiltIn">
<arg>5s</arg>
<doc>Pauses the test executed for the given time.</doc>
<msg timestamp="20220318 13:33:23.678" level="INFO">Slept 5 seconds</msg>
<status status="PASS" starttime="20220318 13:33:18.676" endtime="20220318 13:33:23.678"/>
</kw>
<kw name="Click Element" library="AppiumLibrary">
<arg>${Tata Motors Ltd}</arg>
<doc>Click element identified by `locator`.</doc>
<msg timestamp="20220318 13:33:23.692" level="INFO">Clicking element '//*[contains(@text,'Tata Motors Ltd')]'.</msg>
<status status="PASS" starttime="20220318 13:33:23.680" endtime="20220318 13:33:24.027"/>
</kw>
<kw name="Sleep" library="BuiltIn">
<arg>10s</arg>
<doc>Pauses the test executed for the given time.</doc>
<msg timestamp="20220318 13:33:34.035" level="INFO">Slept 10 seconds</msg>
<status status="PASS" starttime="20220318 13:33:24.027" endtime="20220318 13:33:34.035"/>
</kw>
<kw name="Click Element" library="AppiumLibrary">
<arg>${Buy}</arg>
<doc>Click element identified by `locator`.</doc>
<msg timestamp="20220318 13:33:34.040" level="INFO">Clicking element '//*[contains(@text,'Buy')]'.</msg>
<status status="PASS" starttime="20220318 13:33:34.036" endtime="20220318 13:33:34.404"/>
</kw>
<kw name="Sleep" library="BuiltIn">
<arg>5s</arg>
<doc>Pauses the test executed for the given time.</doc>
<msg timestamp="20220318 13:33:39.405" level="INFO">Slept 5 seconds</msg>
<status status="PASS" starttime="20220318 13:33:34.405" endtime="20220318 13:33:39.405"/>
</kw>
<kw name="Click Element" library="AppiumLibrary">
<arg>${close}</arg>
<doc>Click element identified by `locator`.</doc>
<msg timestamp="20220318 13:33:39.409" level="INFO">Clicking element '//*[contains(@text,'close-nav-mobile')]'.</msg>
<status status="PASS" starttime="20220318 13:33:39.407" endtime="20220318 13:33:40.171"/>
</kw>
<kw name="Sleep" library="BuiltIn">
<arg>5s</arg>
<doc>Pauses the test executed for the given time.</doc>
<msg timestamp="20220318 13:33:45.176" level="INFO">Slept 5 seconds</msg>
<status status="PASS" starttime="20220318 13:33:40.172" endtime="20220318 13:33:45.176"/>
</kw>
<kw name="tap_on_yes quite" library="keywords">
<kw name="Tap" library="AppiumLibrary">
<arg>${None}</arg>
<arg>290</arg>
<arg>1332</arg>
<arg>count=1</arg>
<doc>Tap element identified by ``locator``. </doc>
<status status="PASS" starttime="20220318 13:33:45.177" endtime="20220318 13:33:45.340"/>
</kw>
<status status="PASS" starttime="20220318 13:33:45.177" endtime="20220318 13:33:45.340"/>
</kw>
<kw name="Press Keycode" library="AppiumLibrary">
<arg>4</arg>
<doc>Sends a press of keycode to the device.</doc>
<status status="PASS" starttime="20220318 13:33:45.341" endtime="20220318 13:33:45.390"/>
</kw>
<kw name="Sleep" library="BuiltIn">
<arg>3s</arg>
<doc>Pauses the test executed for the given time.</doc>
<msg timestamp="20220318 13:33:48.392" level="INFO">Slept 3 seconds</msg>
<status status="PASS" starttime="20220318 13:33:45.391" endtime="20220318 13:33:48.392"/>
</kw>
<kw name="Press Keycode" library="AppiumLibrary">
<arg>4</arg>
<doc>Sends a press of keycode to the device.</doc>
<status status="PASS" starttime="20220318 13:33:48.393" endtime="20220318 13:33:48.442"/>
</kw>
<kw name="Sleep" library="BuiltIn">
<arg>5s</arg>
<doc>Pauses the test executed for the given time.</doc>
<msg timestamp="20220318 13:33:53.450" level="INFO">Slept 5 seconds</msg>
<status status="PASS" starttime="20220318 13:33:48.443" endtime="20220318 13:33:53.450"/>
</kw>
<kw name="Click Element" library="AppiumLibrary">
<arg>${Portfolio Primary}</arg>
<doc>Click element identified by `locator`.</doc>
<msg timestamp="20220318 13:33:53.464" level="INFO">Clicking element '//*[contains(@text,'Portfolio Primary')]'.</msg>
<status status="PASS" starttime="20220318 13:33:53.451" endtime="20220318 13:33:53.811"/>
</kw>
<kw name="Sleep" library="BuiltIn">
<arg>5s</arg>
<doc>Pauses the test executed for the given time.</doc>
<msg timestamp="20220318 13:33:58.818" level="INFO">Slept 5 seconds</msg>
<status status="PASS" starttime="20220318 13:33:53.812" endtime="20220318 13:33:58.818"/>
</kw>
<kw name="Click Element" library="AppiumLibrary">
<arg>${Logout}</arg>
<doc>Click element identified by `locator`.</doc>
<msg timestamp="20220318 13:33:58.821" level="INFO">Clicking element '//*[contains(@text,'Logout')]'.</msg>
<status status="PASS" starttime="20220318 13:33:58.818" endtime="20220318 13:33:59.131"/>
</kw>
<kw name="Sleep" library="BuiltIn">
<arg>5s</arg>
<doc>Pauses the test executed for the given time.</doc>
<msg timestamp="20220318 13:34:04.140" level="INFO">Slept 5 seconds</msg>
<status status="PASS" starttime="20220318 13:33:59.132" endtime="20220318 13:34:04.140"/>
</kw>
<status status="PASS" starttime="20220318 13:31:55.004" endtime="20220318 13:34:04.141"/>
</test>
<status status="PASS" starttime="20220318 13:31:54.685" endtime="20220318 13:34:04.143"/>
</suite>
<statistics>
<total>
<stat pass="1" fail="0" skip="0">All Tests</stat>
</total>
<tag>
</tag>
<suite>
<stat pass="1" fail="0" skip="0" id="s1" name="Testcases">Testcases</stat>
</suite>
</statistics>
<errors>
</errors>
</robot>
